
*** Running vivado
    with args -log TOP.vds -m64 -product Vivado -mode batch -messageDb vivado.pb -notrace -source TOP.tcl


ECHO est  desactivado.
ECHO est  desactivado.

****** Vivado v2023.1 (64-bit)
  **** SW Build 3865809 on Sun May  7 15:05:29 MDT 2023
  **** IP Build 3864474 on Sun May  7 20:36:21 MDT 2023
  **** SharedData Build 3865790 on Sun May 07 13:33:03 MDT 2023
    ** Copyright 1986-2022 Xilinx, Inc. All Rights Reserved.
    ** Copyright 2022-2023 Advanced Micro Devices, Inc. All Rights Reserved.

source TOP.tcl -notrace
create_project: Time (s): cpu = 00:00:01 ; elapsed = 00:00:07 . Memory (MB): peak = 437.316 ; gain = 166.141
Command: read_checkpoint -auto_incremental -incremental {C:/Users/gabri/Documents/Vivado Projects/ProyectoBOPPBIPP3/ProyectoBOPPBIPP3.srcs/utils_1/imports/synth_1/CPU_CHIP.dcp}
INFO: [Vivado 12-5825] Read reference checkpoint from C:/Users/gabri/Documents/Vivado Projects/ProyectoBOPPBIPP3/ProyectoBOPPBIPP3.srcs/utils_1/imports/synth_1/CPU_CHIP.dcp for incremental synthesis
INFO: [Vivado 12-7989] Please ensure there are no constraint changes
Command: synth_design -top TOP -part xc7a35tcpg236-1
Starting synth_design
Attempting to get a license for feature 'Synthesis' and/or device 'xc7a35t'
INFO: [Common 17-349] Got license for feature 'Synthesis' and/or device 'xc7a35t'
INFO: [Device 21-403] Loading part xc7a35tcpg236-1
INFO: [Designutils 20-5440] No compile time benefit to using incremental synthesis; A full resynthesis will be run
INFO: [Designutils 20-4379] Flow is switching to default flow due to incremental criteria not met. If you would like to alter this behaviour and have the flow terminate instead, please set the following parameter config_implementation {autoIncr.Synth.RejectBehavior Terminate}
INFO: [Synth 8-7079] Multithreading enabled for synth_design using a maximum of 2 processes.
INFO: [Synth 8-7078] Launching helper process for spawning children vivado processes
INFO: [Synth 8-7075] Helper process launched with PID 18760
---------------------------------------------------------------------------------
Starting RTL Elaboration : Time (s): cpu = 00:00:02 ; elapsed = 00:00:07 . Memory (MB): peak = 1255.152 ; gain = 410.660
---------------------------------------------------------------------------------
INFO: [Synth 8-638] synthesizing module 'TOP' [C:/Users/gabri/Documents/Vivado Projects/ProyectoBOPPBIPP3/ProyectoBOPPBIPP3.srcs/sources_1/new/TOP.vhd:44]
INFO: [Synth 8-3491] module 'CPU_CHIP' declared at 'C:/Users/gabri/Documents/Vivado Projects/ProyectoBOPPBIPP3/ProyectoBOPPBIPP3.srcs/sources_1/new/CPU_CHIP.vhd:34' bound to instance 'CPU_CHIP_inst' of component 'CPU_CHIP' [C:/Users/gabri/Documents/Vivado Projects/ProyectoBOPPBIPP3/ProyectoBOPPBIPP3.srcs/sources_1/new/TOP.vhd:93]
INFO: [Synth 8-638] synthesizing module 'CPU_CHIP' [C:/Users/gabri/Documents/Vivado Projects/ProyectoBOPPBIPP3/ProyectoBOPPBIPP3.srcs/sources_1/new/CPU_CHIP.vhd:42]
INFO: [Synth 8-3491] module 'program_counter' declared at 'C:/Users/gabri/Documents/Vivado Projects/ProyectoBOPPBIPP3/ProyectoBOPPBIPP3.srcs/sources_1/new/program_counter.vhd:34' bound to instance 'pc' of component 'program_counter' [C:/Users/gabri/Documents/Vivado Projects/ProyectoBOPPBIPP3/ProyectoBOPPBIPP3.srcs/sources_1/new/CPU_CHIP.vhd:177]
INFO: [Synth 8-638] synthesizing module 'program_counter' [C:/Users/gabri/Documents/Vivado Projects/ProyectoBOPPBIPP3/ProyectoBOPPBIPP3.srcs/sources_1/new/program_counter.vhd:42]
INFO: [Synth 8-256] done synthesizing module 'program_counter' (0#1) [C:/Users/gabri/Documents/Vivado Projects/ProyectoBOPPBIPP3/ProyectoBOPPBIPP3.srcs/sources_1/new/program_counter.vhd:42]
INFO: [Synth 8-3491] module 'instruction_rom' declared at 'C:/Users/gabri/Documents/Vivado Projects/ProyectoBOPPBIPP3/ProyectoBOPPBIPP3.srcs/sources_1/new/instruction_rom.vhd:34' bound to instance 'ir' of component 'instruction_rom' [C:/Users/gabri/Documents/Vivado Projects/ProyectoBOPPBIPP3/ProyectoBOPPBIPP3.srcs/sources_1/new/CPU_CHIP.vhd:186]
INFO: [Synth 8-638] synthesizing module 'instruction_rom' [C:/Users/gabri/Documents/Vivado Projects/ProyectoBOPPBIPP3/ProyectoBOPPBIPP3.srcs/sources_1/new/instruction_rom.vhd:41]
INFO: [Synth 8-256] done synthesizing module 'instruction_rom' (0#1) [C:/Users/gabri/Documents/Vivado Projects/ProyectoBOPPBIPP3/ProyectoBOPPBIPP3.srcs/sources_1/new/instruction_rom.vhd:41]
	Parameter n_bits bound to: 2 - type: integer 
INFO: [Synth 8-3491] module 'forwarding_unit' declared at 'C:/Users/gabri/Documents/Vivado Projects/ProyectoBOPPBIPP3/ProyectoBOPPBIPP3.srcs/sources_1/new/forwarding_unit.vhd:34' bound to instance 'fwOP' of component 'forwarding_unit' [C:/Users/gabri/Documents/Vivado Projects/ProyectoBOPPBIPP3/ProyectoBOPPBIPP3.srcs/sources_1/new/CPU_CHIP.vhd:195]
INFO: [Synth 8-638] synthesizing module 'forwarding_unit' [C:/Users/gabri/Documents/Vivado Projects/ProyectoBOPPBIPP3/ProyectoBOPPBIPP3.srcs/sources_1/new/forwarding_unit.vhd:42]
	Parameter n_bits bound to: 2 - type: integer 
INFO: [Synth 8-256] done synthesizing module 'forwarding_unit' (0#1) [C:/Users/gabri/Documents/Vivado Projects/ProyectoBOPPBIPP3/ProyectoBOPPBIPP3.srcs/sources_1/new/forwarding_unit.vhd:42]
	Parameter n_bits bound to: 3 - type: integer 
INFO: [Synth 8-3491] module 'forwarding_unit' declared at 'C:/Users/gabri/Documents/Vivado Projects/ProyectoBOPPBIPP3/ProyectoBOPPBIPP3.srcs/sources_1/new/forwarding_unit.vhd:34' bound to instance 'fwFUNCT' of component 'forwarding_unit' [C:/Users/gabri/Documents/Vivado Projects/ProyectoBOPPBIPP3/ProyectoBOPPBIPP3.srcs/sources_1/new/CPU_CHIP.vhd:204]
INFO: [Synth 8-638] synthesizing module 'forwarding_unit__parameterized1' [C:/Users/gabri/Documents/Vivado Projects/ProyectoBOPPBIPP3/ProyectoBOPPBIPP3.srcs/sources_1/new/forwarding_unit.vhd:42]
	Parameter n_bits bound to: 3 - type: integer 
INFO: [Synth 8-256] done synthesizing module 'forwarding_unit__parameterized1' (0#1) [C:/Users/gabri/Documents/Vivado Projects/ProyectoBOPPBIPP3/ProyectoBOPPBIPP3.srcs/sources_1/new/forwarding_unit.vhd:42]
	Parameter n_bits bound to: 9 - type: integer 
INFO: [Synth 8-3491] module 'forwarding_unit' declared at 'C:/Users/gabri/Documents/Vivado Projects/ProyectoBOPPBIPP3/ProyectoBOPPBIPP3.srcs/sources_1/new/forwarding_unit.vhd:34' bound to instance 'fwPC' of component 'forwarding_unit' [C:/Users/gabri/Documents/Vivado Projects/ProyectoBOPPBIPP3/ProyectoBOPPBIPP3.srcs/sources_1/new/CPU_CHIP.vhd:213]
INFO: [Synth 8-638] synthesizing module 'forwarding_unit__parameterized3' [C:/Users/gabri/Documents/Vivado Projects/ProyectoBOPPBIPP3/ProyectoBOPPBIPP3.srcs/sources_1/new/forwarding_unit.vhd:42]
	Parameter n_bits bound to: 9 - type: integer 
INFO: [Synth 8-256] done synthesizing module 'forwarding_unit__parameterized3' (0#1) [C:/Users/gabri/Documents/Vivado Projects/ProyectoBOPPBIPP3/ProyectoBOPPBIPP3.srcs/sources_1/new/forwarding_unit.vhd:42]
	Parameter n_bits bound to: 9 - type: integer 
INFO: [Synth 8-3491] module 'forwarding_unit' declared at 'C:/Users/gabri/Documents/Vivado Projects/ProyectoBOPPBIPP3/ProyectoBOPPBIPP3.srcs/sources_1/new/forwarding_unit.vhd:34' bound to instance 'fwADDRA' of component 'forwarding_unit' [C:/Users/gabri/Documents/Vivado Projects/ProyectoBOPPBIPP3/ProyectoBOPPBIPP3.srcs/sources_1/new/CPU_CHIP.vhd:222]
	Parameter n_bits bound to: 9 - type: integer 
INFO: [Synth 8-3491] module 'forwarding_unit' declared at 'C:/Users/gabri/Documents/Vivado Projects/ProyectoBOPPBIPP3/ProyectoBOPPBIPP3.srcs/sources_1/new/forwarding_unit.vhd:34' bound to instance 'fwADDRB' of component 'forwarding_unit' [C:/Users/gabri/Documents/Vivado Projects/ProyectoBOPPBIPP3/ProyectoBOPPBIPP3.srcs/sources_1/new/CPU_CHIP.vhd:231]
	Parameter n_bits bound to: 9 - type: integer 
INFO: [Synth 8-3491] module 'forwarding_unit' declared at 'C:/Users/gabri/Documents/Vivado Projects/ProyectoBOPPBIPP3/ProyectoBOPPBIPP3.srcs/sources_1/new/forwarding_unit.vhd:34' bound to instance 'fwIMM' of component 'forwarding_unit' [C:/Users/gabri/Documents/Vivado Projects/ProyectoBOPPBIPP3/ProyectoBOPPBIPP3.srcs/sources_1/new/CPU_CHIP.vhd:240]
	Parameter n_bits bound to: 9 - type: integer 
INFO: [Synth 8-3491] module 'forwarding_unit' declared at 'C:/Users/gabri/Documents/Vivado Projects/ProyectoBOPPBIPP3/ProyectoBOPPBIPP3.srcs/sources_1/new/forwarding_unit.vhd:34' bound to instance 'fwWADDRIF' of component 'forwarding_unit' [C:/Users/gabri/Documents/Vivado Projects/ProyectoBOPPBIPP3/ProyectoBOPPBIPP3.srcs/sources_1/new/CPU_CHIP.vhd:249]
INFO: [Synth 8-3491] module 'control_unit' declared at 'C:/Users/gabri/Documents/Vivado Projects/ProyectoBOPPBIPP3/ProyectoBOPPBIPP3.srcs/sources_1/new/control_unit.vhd:34' bound to instance 'cu' of component 'control_unit' [C:/Users/gabri/Documents/Vivado Projects/ProyectoBOPPBIPP3/ProyectoBOPPBIPP3.srcs/sources_1/new/CPU_CHIP.vhd:260]
INFO: [Synth 8-638] synthesizing module 'control_unit' [C:/Users/gabri/Documents/Vivado Projects/ProyectoBOPPBIPP3/ProyectoBOPPBIPP3.srcs/sources_1/new/control_unit.vhd:40]
INFO: [Synth 8-256] done synthesizing module 'control_unit' (0#1) [C:/Users/gabri/Documents/Vivado Projects/ProyectoBOPPBIPP3/ProyectoBOPPBIPP3.srcs/sources_1/new/control_unit.vhd:40]
INFO: [Synth 8-3491] module 'dualr_bank' declared at 'C:/Users/gabri/Documents/Vivado Projects/ProyectoBOPPBIPP3/ProyectoBOPPBIPP3.srcs/sources_1/new/reg_bank.vhd:34' bound to instance 'regs' of component 'dualr_bank' [C:/Users/gabri/Documents/Vivado Projects/ProyectoBOPPBIPP3/ProyectoBOPPBIPP3.srcs/sources_1/new/CPU_CHIP.vhd:267]
INFO: [Synth 8-638] synthesizing module 'dualr_bank' [C:/Users/gabri/Documents/Vivado Projects/ProyectoBOPPBIPP3/ProyectoBOPPBIPP3.srcs/sources_1/new/reg_bank.vhd:45]
INFO: [Synth 8-256] done synthesizing module 'dualr_bank' (0#1) [C:/Users/gabri/Documents/Vivado Projects/ProyectoBOPPBIPP3/ProyectoBOPPBIPP3.srcs/sources_1/new/reg_bank.vhd:45]
INFO: [Synth 8-3491] module 'imm_gen' declared at 'C:/Users/gabri/Documents/Vivado Projects/ProyectoBOPPBIPP3/ProyectoBOPPBIPP3.srcs/sources_1/new/imm_gen.vhd:34' bound to instance 'immgen' of component 'imm_gen' [C:/Users/gabri/Documents/Vivado Projects/ProyectoBOPPBIPP3/ProyectoBOPPBIPP3.srcs/sources_1/new/CPU_CHIP.vhd:279]
INFO: [Synth 8-638] synthesizing module 'imm_gen' [C:/Users/gabri/Documents/Vivado Projects/ProyectoBOPPBIPP3/ProyectoBOPPBIPP3.srcs/sources_1/new/imm_gen.vhd:39]
INFO: [Synth 8-256] done synthesizing module 'imm_gen' (0#1) [C:/Users/gabri/Documents/Vivado Projects/ProyectoBOPPBIPP3/ProyectoBOPPBIPP3.srcs/sources_1/new/imm_gen.vhd:39]
	Parameter n_bits bound to: 8 - type: integer 
INFO: [Synth 8-3491] module 'forwarding_unit' declared at 'C:/Users/gabri/Documents/Vivado Projects/ProyectoBOPPBIPP3/ProyectoBOPPBIPP3.srcs/sources_1/new/forwarding_unit.vhd:34' bound to instance 'fwCU_CONTROL' of component 'forwarding_unit' [C:/Users/gabri/Documents/Vivado Projects/ProyectoBOPPBIPP3/ProyectoBOPPBIPP3.srcs/sources_1/new/CPU_CHIP.vhd:286]
INFO: [Synth 8-638] synthesizing module 'forwarding_unit__parameterized5' [C:/Users/gabri/Documents/Vivado Projects/ProyectoBOPPBIPP3/ProyectoBOPPBIPP3.srcs/sources_1/new/forwarding_unit.vhd:42]
	Parameter n_bits bound to: 8 - type: integer 
INFO: [Synth 8-256] done synthesizing module 'forwarding_unit__parameterized5' (0#1) [C:/Users/gabri/Documents/Vivado Projects/ProyectoBOPPBIPP3/ProyectoBOPPBIPP3.srcs/sources_1/new/forwarding_unit.vhd:42]
	Parameter n_bits bound to: 32 - type: integer 
INFO: [Synth 8-3491] module 'forwarding_unit' declared at 'C:/Users/gabri/Documents/Vivado Projects/ProyectoBOPPBIPP3/ProyectoBOPPBIPP3.srcs/sources_1/new/forwarding_unit.vhd:34' bound to instance 'fwREGSA' of component 'forwarding_unit' [C:/Users/gabri/Documents/Vivado Projects/ProyectoBOPPBIPP3/ProyectoBOPPBIPP3.srcs/sources_1/new/CPU_CHIP.vhd:296]
INFO: [Synth 8-638] synthesizing module 'forwarding_unit__parameterized7' [C:/Users/gabri/Documents/Vivado Projects/ProyectoBOPPBIPP3/ProyectoBOPPBIPP3.srcs/sources_1/new/forwarding_unit.vhd:42]
	Parameter n_bits bound to: 32 - type: integer 
INFO: [Synth 8-256] done synthesizing module 'forwarding_unit__parameterized7' (0#1) [C:/Users/gabri/Documents/Vivado Projects/ProyectoBOPPBIPP3/ProyectoBOPPBIPP3.srcs/sources_1/new/forwarding_unit.vhd:42]
	Parameter n_bits bound to: 32 - type: integer 
INFO: [Synth 8-3491] module 'forwarding_unit' declared at 'C:/Users/gabri/Documents/Vivado Projects/ProyectoBOPPBIPP3/ProyectoBOPPBIPP3.srcs/sources_1/new/forwarding_unit.vhd:34' bound to instance 'fwREGSB' of component 'forwarding_unit' [C:/Users/gabri/Documents/Vivado Projects/ProyectoBOPPBIPP3/ProyectoBOPPBIPP3.srcs/sources_1/new/CPU_CHIP.vhd:305]
	Parameter n_bits bound to: 9 - type: integer 
INFO: [Synth 8-3491] module 'forwarding_unit' declared at 'C:/Users/gabri/Documents/Vivado Projects/ProyectoBOPPBIPP3/ProyectoBOPPBIPP3.srcs/sources_1/new/forwarding_unit.vhd:34' bound to instance 'fwWADDRID' of component 'forwarding_unit' [C:/Users/gabri/Documents/Vivado Projects/ProyectoBOPPBIPP3/ProyectoBOPPBIPP3.srcs/sources_1/new/CPU_CHIP.vhd:315]
	Parameter n_bits bound to: 32 - type: integer 
INFO: [Synth 8-3491] module 'forwarding_unit' declared at 'C:/Users/gabri/Documents/Vivado Projects/ProyectoBOPPBIPP3/ProyectoBOPPBIPP3.srcs/sources_1/new/forwarding_unit.vhd:34' bound to instance 'fwIMMGENERATOR' of component 'forwarding_unit' [C:/Users/gabri/Documents/Vivado Projects/ProyectoBOPPBIPP3/ProyectoBOPPBIPP3.srcs/sources_1/new/CPU_CHIP.vhd:325]
INFO: [Synth 8-3491] module 'ALU' declared at 'C:/Users/gabri/Documents/Vivado Projects/ProyectoBOPPBIPP3/ProyectoBOPPBIPP3.srcs/sources_1/new/ALU.vhd:34' bound to instance 'core' of component 'ALU' [C:/Users/gabri/Documents/Vivado Projects/ProyectoBOPPBIPP3/ProyectoBOPPBIPP3.srcs/sources_1/new/CPU_CHIP.vhd:346]
INFO: [Synth 8-638] synthesizing module 'ALU' [C:/Users/gabri/Documents/Vivado Projects/ProyectoBOPPBIPP3/ProyectoBOPPBIPP3.srcs/sources_1/new/ALU.vhd:43]
INFO: [Synth 8-3491] module 'adder_sub' declared at 'C:/Users/gabri/Documents/Vivado Projects/ProyectoBOPPBIPP3/ProyectoBOPPBIPP3.srcs/sources_1/new/adder_sub.vhd:35' bound to instance 'coreadder' of component 'adder_sub' [C:/Users/gabri/Documents/Vivado Projects/ProyectoBOPPBIPP3/ProyectoBOPPBIPP3.srcs/sources_1/new/ALU.vhd:78]
INFO: [Synth 8-638] synthesizing module 'adder_sub' [C:/Users/gabri/Documents/Vivado Projects/ProyectoBOPPBIPP3/ProyectoBOPPBIPP3.srcs/sources_1/new/adder_sub.vhd:43]
INFO: [Synth 8-256] done synthesizing module 'adder_sub' (0#1) [C:/Users/gabri/Documents/Vivado Projects/ProyectoBOPPBIPP3/ProyectoBOPPBIPP3.srcs/sources_1/new/adder_sub.vhd:43]
INFO: [Synth 8-3491] module 'barrel_shifter' declared at 'C:/Users/gabri/Documents/Vivado Projects/ProyectoBOPPBIPP3/ProyectoBOPPBIPP3.srcs/sources_1/new/barrel_shifter.vhd:35' bound to instance 'coreshifter' of component 'barrel_shifter' [C:/Users/gabri/Documents/Vivado Projects/ProyectoBOPPBIPP3/ProyectoBOPPBIPP3.srcs/sources_1/new/ALU.vhd:87]
INFO: [Synth 8-638] synthesizing module 'barrel_shifter' [C:/Users/gabri/Documents/Vivado Projects/ProyectoBOPPBIPP3/ProyectoBOPPBIPP3.srcs/sources_1/new/barrel_shifter.vhd:43]
INFO: [Synth 8-256] done synthesizing module 'barrel_shifter' (0#1) [C:/Users/gabri/Documents/Vivado Projects/ProyectoBOPPBIPP3/ProyectoBOPPBIPP3.srcs/sources_1/new/barrel_shifter.vhd:43]
INFO: [Synth 8-256] done synthesizing module 'ALU' (0#1) [C:/Users/gabri/Documents/Vivado Projects/ProyectoBOPPBIPP3/ProyectoBOPPBIPP3.srcs/sources_1/new/ALU.vhd:43]
	Parameter n_bits bound to: 8 - type: integer 
INFO: [Synth 8-3491] module 'forwarding_unit' declared at 'C:/Users/gabri/Documents/Vivado Projects/ProyectoBOPPBIPP3/ProyectoBOPPBIPP3.srcs/sources_1/new/forwarding_unit.vhd:34' bound to instance 'fwCUEX' of component 'forwarding_unit' [C:/Users/gabri/Documents/Vivado Projects/ProyectoBOPPBIPP3/ProyectoBOPPBIPP3.srcs/sources_1/new/CPU_CHIP.vhd:357]
	Parameter n_bits bound to: 32 - type: integer 
INFO: [Synth 8-3491] module 'forwarding_unit' declared at 'C:/Users/gabri/Documents/Vivado Projects/ProyectoBOPPBIPP3/ProyectoBOPPBIPP3.srcs/sources_1/new/forwarding_unit.vhd:34' bound to instance 'fwALUO' of component 'forwarding_unit' [C:/Users/gabri/Documents/Vivado Projects/ProyectoBOPPBIPP3/ProyectoBOPPBIPP3.srcs/sources_1/new/CPU_CHIP.vhd:367]
	Parameter n_bits bound to: 2 - type: integer 
INFO: [Synth 8-3491] module 'forwarding_unit' declared at 'C:/Users/gabri/Documents/Vivado Projects/ProyectoBOPPBIPP3/ProyectoBOPPBIPP3.srcs/sources_1/new/forwarding_unit.vhd:34' bound to instance 'fwALUFLAGS' of component 'forwarding_unit' [C:/Users/gabri/Documents/Vivado Projects/ProyectoBOPPBIPP3/ProyectoBOPPBIPP3.srcs/sources_1/new/CPU_CHIP.vhd:376]
	Parameter n_bits bound to: 32 - type: integer 
INFO: [Synth 8-3491] module 'forwarding_unit' declared at 'C:/Users/gabri/Documents/Vivado Projects/ProyectoBOPPBIPP3/ProyectoBOPPBIPP3.srcs/sources_1/new/forwarding_unit.vhd:34' bound to instance 'fwBOUT' of component 'forwarding_unit' [C:/Users/gabri/Documents/Vivado Projects/ProyectoBOPPBIPP3/ProyectoBOPPBIPP3.srcs/sources_1/new/CPU_CHIP.vhd:385]
	Parameter n_bits bound to: 9 - type: integer 
INFO: [Synth 8-3491] module 'forwarding_unit' declared at 'C:/Users/gabri/Documents/Vivado Projects/ProyectoBOPPBIPP3/ProyectoBOPPBIPP3.srcs/sources_1/new/forwarding_unit.vhd:34' bound to instance 'fwWADDREX' of component 'forwarding_unit' [C:/Users/gabri/Documents/Vivado Projects/ProyectoBOPPBIPP3/ProyectoBOPPBIPP3.srcs/sources_1/new/CPU_CHIP.vhd:395]
INFO: [Synth 8-3491] module 'bram_memory' declared at 'C:/Users/gabri/Documents/Vivado Projects/ProyectoBOPPBIPP3/ProyectoBOPPBIPP3.srcs/sources_1/new/bram_memory.vhd:34' bound to instance 'ram' of component 'bram_memory' [C:/Users/gabri/Documents/Vivado Projects/ProyectoBOPPBIPP3/ProyectoBOPPBIPP3.srcs/sources_1/new/CPU_CHIP.vhd:408]
INFO: [Synth 8-638] synthesizing module 'bram_memory' [C:/Users/gabri/Documents/Vivado Projects/ProyectoBOPPBIPP3/ProyectoBOPPBIPP3.srcs/sources_1/new/bram_memory.vhd:43]
INFO: [Synth 8-256] done synthesizing module 'bram_memory' (0#1) [C:/Users/gabri/Documents/Vivado Projects/ProyectoBOPPBIPP3/ProyectoBOPPBIPP3.srcs/sources_1/new/bram_memory.vhd:43]
	Parameter n_bits bound to: 32 - type: integer 
INFO: [Synth 8-3491] module 'forwarding_unit' declared at 'C:/Users/gabri/Documents/Vivado Projects/ProyectoBOPPBIPP3/ProyectoBOPPBIPP3.srcs/sources_1/new/forwarding_unit.vhd:34' bound to instance 'fwMEM' of component 'forwarding_unit' [C:/Users/gabri/Documents/Vivado Projects/ProyectoBOPPBIPP3/ProyectoBOPPBIPP3.srcs/sources_1/new/CPU_CHIP.vhd:418]
	Parameter n_bits bound to: 8 - type: integer 
INFO: [Synth 8-3491] module 'forwarding_unit' declared at 'C:/Users/gabri/Documents/Vivado Projects/ProyectoBOPPBIPP3/ProyectoBOPPBIPP3.srcs/sources_1/new/forwarding_unit.vhd:34' bound to instance 'fwCONTROLMEM' of component 'forwarding_unit' [C:/Users/gabri/Documents/Vivado Projects/ProyectoBOPPBIPP3/ProyectoBOPPBIPP3.srcs/sources_1/new/CPU_CHIP.vhd:427]
	Parameter n_bits bound to: 32 - type: integer 
INFO: [Synth 8-3491] module 'forwarding_unit' declared at 'C:/Users/gabri/Documents/Vivado Projects/ProyectoBOPPBIPP3/ProyectoBOPPBIPP3.srcs/sources_1/new/forwarding_unit.vhd:34' bound to instance 'fwALUMEM' of component 'forwarding_unit' [C:/Users/gabri/Documents/Vivado Projects/ProyectoBOPPBIPP3/ProyectoBOPPBIPP3.srcs/sources_1/new/CPU_CHIP.vhd:436]
	Parameter n_bits bound to: 9 - type: integer 
INFO: [Synth 8-3491] module 'forwarding_unit' declared at 'C:/Users/gabri/Documents/Vivado Projects/ProyectoBOPPBIPP3/ProyectoBOPPBIPP3.srcs/sources_1/new/forwarding_unit.vhd:34' bound to instance 'fwWADDRMEM' of component 'forwarding_unit' [C:/Users/gabri/Documents/Vivado Projects/ProyectoBOPPBIPP3/ProyectoBOPPBIPP3.srcs/sources_1/new/CPU_CHIP.vhd:446]
INFO: [Synth 8-256] done synthesizing module 'CPU_CHIP' (0#1) [C:/Users/gabri/Documents/Vivado Projects/ProyectoBOPPBIPP3/ProyectoBOPPBIPP3.srcs/sources_1/new/CPU_CHIP.vhd:42]
INFO: [Synth 8-3491] module 'displays' declared at 'C:/Users/gabri/Documents/Vivado Projects/ProyectoBOPPBIPP3/ProyectoBOPPBIPP3.srcs/sources_1/new/displays.vhd:7' bound to instance 'displays_inst' of component 'displays' [C:/Users/gabri/Documents/Vivado Projects/ProyectoBOPPBIPP3/ProyectoBOPPBIPP3.srcs/sources_1/new/TOP.vhd:102]
INFO: [Synth 8-638] synthesizing module 'displays' [C:/Users/gabri/Documents/Vivado Projects/ProyectoBOPPBIPP3/ProyectoBOPPBIPP3.srcs/sources_1/new/displays.vhd:19]
INFO: [Synth 8-3491] module 'conv_7seg' declared at 'C:/Users/gabri/Documents/Vivado Projects/ProyectoBOPPBIPP3/ProyectoBOPPBIPP3.srcs/sources_1/new/conv_7seg.vhd:32' bound to instance 'conv_7seg_digito_0' of component 'conv_7seg' [C:/Users/gabri/Documents/Vivado Projects/ProyectoBOPPBIPP3/ProyectoBOPPBIPP3.srcs/sources_1/new/displays.vhd:35]
INFO: [Synth 8-638] synthesizing module 'conv_7seg' [C:/Users/gabri/Documents/Vivado Projects/ProyectoBOPPBIPP3/ProyectoBOPPBIPP3.srcs/sources_1/new/conv_7seg.vhd:37]
INFO: [Synth 8-256] done synthesizing module 'conv_7seg' (0#1) [C:/Users/gabri/Documents/Vivado Projects/ProyectoBOPPBIPP3/ProyectoBOPPBIPP3.srcs/sources_1/new/conv_7seg.vhd:37]
INFO: [Synth 8-3491] module 'conv_7seg' declared at 'C:/Users/gabri/Documents/Vivado Projects/ProyectoBOPPBIPP3/ProyectoBOPPBIPP3.srcs/sources_1/new/conv_7seg.vhd:32' bound to instance 'conv_7seg_digito_1' of component 'conv_7seg' [C:/Users/gabri/Documents/Vivado Projects/ProyectoBOPPBIPP3/ProyectoBOPPBIPP3.srcs/sources_1/new/displays.vhd:36]
INFO: [Synth 8-3491] module 'conv_7seg' declared at 'C:/Users/gabri/Documents/Vivado Projects/ProyectoBOPPBIPP3/ProyectoBOPPBIPP3.srcs/sources_1/new/conv_7seg.vhd:32' bound to instance 'conv_7seg_digito_2' of component 'conv_7seg' [C:/Users/gabri/Documents/Vivado Projects/ProyectoBOPPBIPP3/ProyectoBOPPBIPP3.srcs/sources_1/new/displays.vhd:37]
INFO: [Synth 8-3491] module 'conv_7seg' declared at 'C:/Users/gabri/Documents/Vivado Projects/ProyectoBOPPBIPP3/ProyectoBOPPBIPP3.srcs/sources_1/new/conv_7seg.vhd:32' bound to instance 'conv_7seg_digito_3' of component 'conv_7seg' [C:/Users/gabri/Documents/Vivado Projects/ProyectoBOPPBIPP3/ProyectoBOPPBIPP3.srcs/sources_1/new/displays.vhd:38]
INFO: [Synth 8-256] done synthesizing module 'displays' (0#1) [C:/Users/gabri/Documents/Vivado Projects/ProyectoBOPPBIPP3/ProyectoBOPPBIPP3.srcs/sources_1/new/displays.vhd:19]
INFO: [Synth 8-3491] module 'divisor' declared at 'C:/Users/gabri/Documents/Vivado Projects/ProyectoBOPPBIPP3/ProyectoBOPPBIPP3.srcs/sources_1/new/clock_divider.vhd:17' bound to instance 'cd' of component 'divisor' [C:/Users/gabri/Documents/Vivado Projects/ProyectoBOPPBIPP3/ProyectoBOPPBIPP3.srcs/sources_1/new/TOP.vhd:112]
INFO: [Synth 8-638] synthesizing module 'divisor' [C:/Users/gabri/Documents/Vivado Projects/ProyectoBOPPBIPP3/ProyectoBOPPBIPP3.srcs/sources_1/new/clock_divider.vhd:27]
	Parameter x bound to: 28'b0101111101011110000100000000 
INFO: [Synth 8-256] done synthesizing module 'divisor' (0#1) [C:/Users/gabri/Documents/Vivado Projects/ProyectoBOPPBIPP3/ProyectoBOPPBIPP3.srcs/sources_1/new/clock_divider.vhd:27]
INFO: [Synth 8-3491] module 'debouncer' declared at 'C:/Users/gabri/Documents/Vivado Projects/ProyectoBOPPBIPP3/ProyectoBOPPBIPP3.srcs/sources_1/new/debouncer.vhd:5' bound to instance 'db_start' of component 'debouncer' [C:/Users/gabri/Documents/Vivado Projects/ProyectoBOPPBIPP3/ProyectoBOPPBIPP3.srcs/sources_1/new/TOP.vhd:117]
INFO: [Synth 8-638] synthesizing module 'debouncer' [C:/Users/gabri/Documents/Vivado Projects/ProyectoBOPPBIPP3/ProyectoBOPPBIPP3.srcs/sources_1/new/debouncer.vhd:16]
INFO: [Synth 8-256] done synthesizing module 'debouncer' (0#1) [C:/Users/gabri/Documents/Vivado Projects/ProyectoBOPPBIPP3/ProyectoBOPPBIPP3.srcs/sources_1/new/debouncer.vhd:16]
INFO: [Synth 8-256] done synthesizing module 'TOP' (0#1) [C:/Users/gabri/Documents/Vivado Projects/ProyectoBOPPBIPP3/ProyectoBOPPBIPP3.srcs/sources_1/new/TOP.vhd:44]
WARNING: [Synth 8-7129] Port ADDR[31] in module bram_memory is either unconnected or has no load
WARNING: [Synth 8-7129] Port ADDR[30] in module bram_memory is either unconnected or has no load
WARNING: [Synth 8-7129] Port ADDR[29] in module bram_memory is either unconnected or has no load
WARNING: [Synth 8-7129] Port ADDR[28] in module bram_memory is either unconnected or has no load
WARNING: [Synth 8-7129] Port ADDR[27] in module bram_memory is either unconnected or has no load
WARNING: [Synth 8-7129] Port ADDR[26] in module bram_memory is either unconnected or has no load
WARNING: [Synth 8-7129] Port ADDR[25] in module bram_memory is either unconnected or has no load
WARNING: [Synth 8-7129] Port ADDR[24] in module bram_memory is either unconnected or has no load
WARNING: [Synth 8-7129] Port ADDR[23] in module bram_memory is either unconnected or has no load
WARNING: [Synth 8-7129] Port ADDR[22] in module bram_memory is either unconnected or has no load
WARNING: [Synth 8-7129] Port ADDR[21] in module bram_memory is either unconnected or has no load
WARNING: [Synth 8-7129] Port ADDR[20] in module bram_memory is either unconnected or has no load
WARNING: [Synth 8-7129] Port ADDR[19] in module bram_memory is either unconnected or has no load
WARNING: [Synth 8-7129] Port ADDR[18] in module bram_memory is either unconnected or has no load
WARNING: [Synth 8-7129] Port ADDR[17] in module bram_memory is either unconnected or has no load
WARNING: [Synth 8-7129] Port ADDR[16] in module bram_memory is either unconnected or has no load
WARNING: [Synth 8-7129] Port ADDR[15] in module bram_memory is either unconnected or has no load
WARNING: [Synth 8-7129] Port ADDR[14] in module bram_memory is either unconnected or has no load
WARNING: [Synth 8-7129] Port ADDR[13] in module bram_memory is either unconnected or has no load
WARNING: [Synth 8-7129] Port ADDR[12] in module bram_memory is either unconnected or has no load
WARNING: [Synth 8-7129] Port ADDR[11] in module bram_memory is either unconnected or has no load
WARNING: [Synth 8-7129] Port ADDR[10] in module bram_memory is either unconnected or has no load
WARNING: [Synth 8-7129] Port ADDR[9] in module bram_memory is either unconnected or has no load
WARNING: [Synth 8-7129] Port ADDR[1] in module bram_memory is either unconnected or has no load
WARNING: [Synth 8-7129] Port ADDR[0] in module bram_memory is either unconnected or has no load
WARNING: [Synth 8-7129] Port ADDR_A[8] in module dualr_bank is either unconnected or has no load
WARNING: [Synth 8-7129] Port ADDR_A[7] in module dualr_bank is either unconnected or has no load
WARNING: [Synth 8-7129] Port ADDR_A[6] in module dualr_bank is either unconnected or has no load
WARNING: [Synth 8-7129] Port ADDR_B[8] in module dualr_bank is either unconnected or has no load
WARNING: [Synth 8-7129] Port ADDR_B[7] in module dualr_bank is either unconnected or has no load
WARNING: [Synth 8-7129] Port ADDR_B[6] in module dualr_bank is either unconnected or has no load
WARNING: [Synth 8-7129] Port ADDR[8] in module instruction_rom is either unconnected or has no load
WARNING: [Synth 8-7129] Port ADDR[7] in module instruction_rom is either unconnected or has no load
WARNING: [Synth 8-7129] Port ADDR[6] in module instruction_rom is either unconnected or has no load
---------------------------------------------------------------------------------
Finished RTL Elaboration : Time (s): cpu = 00:00:02 ; elapsed = 00:00:10 . Memory (MB): peak = 1368.230 ; gain = 523.738
---------------------------------------------------------------------------------
---------------------------------------------------------------------------------
Start Handling Custom Attributes
---------------------------------------------------------------------------------
---------------------------------------------------------------------------------
Finished Handling Custom Attributes : Time (s): cpu = 00:00:02 ; elapsed = 00:00:10 . Memory (MB): peak = 1368.230 ; gain = 523.738
---------------------------------------------------------------------------------
---------------------------------------------------------------------------------
Finished RTL Optimization Phase 1 : Time (s): cpu = 00:00:02 ; elapsed = 00:00:10 . Memory (MB): peak = 1368.230 ; gain = 523.738
---------------------------------------------------------------------------------
Netlist sorting complete. Time (s): cpu = 00:00:00 ; elapsed = 00:00:00.044 . Memory (MB): peak = 1368.230 ; gain = 0.000
INFO: [Project 1-570] Preparing netlist for logic optimization

Processing XDC Constraints
Initializing timing engine
Parsing XDC File [C:/Users/gabri/Documents/Vivado Projects/ProyectoBOPPBIPP3/ProyectoBOPPBIPP3.srcs/constrs_1/new/Basys3_Master.xdc]
Finished Parsing XDC File [C:/Users/gabri/Documents/Vivado Projects/ProyectoBOPPBIPP3/ProyectoBOPPBIPP3.srcs/constrs_1/new/Basys3_Master.xdc]
INFO: [Project 1-236] Implementation specific constraints were found while reading constraint file [C:/Users/gabri/Documents/Vivado Projects/ProyectoBOPPBIPP3/ProyectoBOPPBIPP3.srcs/constrs_1/new/Basys3_Master.xdc]. These constraints will be ignored for synthesis but will be used in implementation. Impacted constraints are listed in the file [.Xil/TOP_propImpl.xdc].
Resolution: To avoid this warning, move constraints listed in [.Xil/TOP_propImpl.xdc] to another XDC file and exclude this new file from synthesis with the used_in_synthesis property (File Properties dialog in GUI) and re-run elaboration/synthesis.
Completed Processing XDC Constraints

Netlist sorting complete. Time (s): cpu = 00:00:00 ; elapsed = 00:00:00.001 . Memory (MB): peak = 1472.848 ; gain = 0.000
INFO: [Project 1-111] Unisim Transformation Summary:
No Unisim elements were transformed.

Constraint Validation Runtime : Time (s): cpu = 00:00:00 ; elapsed = 00:00:00.009 . Memory (MB): peak = 1472.848 ; gain = 0.000
INFO: [Designutils 20-5440] No compile time benefit to using incremental synthesis; A full resynthesis will be run
INFO: [Designutils 20-4379] Flow is switching to default flow due to incremental criteria not met. If you would like to alter this behaviour and have the flow terminate instead, please set the following parameter config_implementation {autoIncr.Synth.RejectBehavior Terminate}
---------------------------------------------------------------------------------
Finished Constraint Validation : Time (s): cpu = 00:00:05 ; elapsed = 00:00:20 . Memory (MB): peak = 1472.848 ; gain = 628.355
---------------------------------------------------------------------------------
---------------------------------------------------------------------------------
Start Loading Part and Timing Information
---------------------------------------------------------------------------------
Loading part: xc7a35tcpg236-1
---------------------------------------------------------------------------------
Finished Loading Part and Timing Information : Time (s): cpu = 00:00:05 ; elapsed = 00:00:20 . Memory (MB): peak = 1472.848 ; gain = 628.355
---------------------------------------------------------------------------------
---------------------------------------------------------------------------------
Start Applying 'set_property' XDC Constraints
---------------------------------------------------------------------------------
---------------------------------------------------------------------------------
Finished applying 'set_property' XDC Constraints : Time (s): cpu = 00:00:05 ; elapsed = 00:00:20 . Memory (MB): peak = 1472.848 ; gain = 628.355
---------------------------------------------------------------------------------
INFO: [Synth 8-802] inferred FSM for state register 'controller.state_reg' in module 'debouncer'
WARNING: [Synth 8-327] inferring latch for variable 'B_reg' [C:/Users/gabri/Documents/Vivado Projects/ProyectoBOPPBIPP3/ProyectoBOPPBIPP3.srcs/sources_1/new/barrel_shifter.vhd:52]
---------------------------------------------------------------------------------------------------
                   State |                     New Encoding |                Previous Encoding 
---------------------------------------------------------------------------------------------------
         waitingpression |                               00 |                               00
      pressiondebouncing |                               01 |                               01
       waitingdepression |                               10 |                               10
    depressiondebouncing |                               11 |                               11
---------------------------------------------------------------------------------------------------
INFO: [Synth 8-3354] encoded FSM with state register 'controller.state_reg' using encoding 'sequential' in module 'debouncer'
---------------------------------------------------------------------------------
Finished RTL Optimization Phase 2 : Time (s): cpu = 00:00:05 ; elapsed = 00:00:21 . Memory (MB): peak = 1472.848 ; gain = 628.355
---------------------------------------------------------------------------------
INFO: [Synth 8-223] decloning instance 'CPU_CHIP_inst/fwADDRB' (forwarding_unit__parameterized3) to 'CPU_CHIP_inst/fwIMM'
---------------------------------------------------------------------------------
Start RTL Component Statistics 
---------------------------------------------------------------------------------
Detailed RTL Component Info : 
+---Adders : 
	   3 Input   33 Bit       Adders := 1     
	   2 Input    9 Bit       Adders := 1     
+---XORs : 
	   2 Input     32 Bit         XORs := 1     
+---Registers : 
	               32 Bit    Registers := 8     
	                9 Bit    Registers := 8     
	                8 Bit    Registers := 71    
	                3 Bit    Registers := 1     
	                2 Bit    Registers := 2     
	                1 Bit    Registers := 3     
+---Muxes : 
	  64 Input   32 Bit        Muxes := 1     
	   2 Input   32 Bit        Muxes := 5     
	  32 Input   32 Bit        Muxes := 2     
	   4 Input   32 Bit        Muxes := 1     
	   2 Input    9 Bit        Muxes := 1     
	   8 Input    8 Bit        Muxes := 1     
	   4 Input    7 Bit        Muxes := 1     
	   2 Input    6 Bit        Muxes := 1     
	   4 Input    2 Bit        Muxes := 1     
	   2 Input    2 Bit        Muxes := 4     
	   4 Input    1 Bit        Muxes := 5     
	   2 Input    1 Bit        Muxes := 17    
---------------------------------------------------------------------------------
Finished RTL Component Statistics 
---------------------------------------------------------------------------------
---------------------------------------------------------------------------------
Start Part Resource Summary
---------------------------------------------------------------------------------
Part Resources:
DSPs: 90 (col length:60)
BRAMs: 100 (col length: RAMB18 60 RAMB36 30)
---------------------------------------------------------------------------------
Finished Part Resource Summary
---------------------------------------------------------------------------------
---------------------------------------------------------------------------------
Start Cross Boundary and Area Optimization
---------------------------------------------------------------------------------
WARNING: [Synth 8-7080] Parallel synthesis criteria is not met
WARNING: [Synth 8-3917] design TOP has port s_display[3] driven by constant 0
WARNING: [Synth 8-3917] design TOP has port s_display[2] driven by constant 0
WARNING: [Synth 8-3917] design TOP has port s_display[1] driven by constant 0
WARNING: [Synth 8-3917] design TOP has port s_display[0] driven by constant 0
WARNING: [Synth 8-7129] Port ADDR[31] in module bram_memory is either unconnected or has no load
WARNING: [Synth 8-7129] Port ADDR[30] in module bram_memory is either unconnected or has no load
WARNING: [Synth 8-7129] Port ADDR[29] in module bram_memory is either unconnected or has no load
WARNING: [Synth 8-7129] Port ADDR[28] in module bram_memory is either unconnected or has no load
WARNING: [Synth 8-7129] Port ADDR[27] in module bram_memory is either unconnected or has no load
WARNING: [Synth 8-7129] Port ADDR[26] in module bram_memory is either unconnected or has no load
WARNING: [Synth 8-7129] Port ADDR[25] in module bram_memory is either unconnected or has no load
WARNING: [Synth 8-7129] Port ADDR[24] in module bram_memory is either unconnected or has no load
WARNING: [Synth 8-7129] Port ADDR[23] in module bram_memory is either unconnected or has no load
WARNING: [Synth 8-7129] Port ADDR[22] in module bram_memory is either unconnected or has no load
WARNING: [Synth 8-7129] Port ADDR[21] in module bram_memory is either unconnected or has no load
WARNING: [Synth 8-7129] Port ADDR[20] in module bram_memory is either unconnected or has no load
WARNING: [Synth 8-7129] Port ADDR[19] in module bram_memory is either unconnected or has no load
WARNING: [Synth 8-7129] Port ADDR[18] in module bram_memory is either unconnected or has no load
WARNING: [Synth 8-7129] Port ADDR[17] in module bram_memory is either unconnected or has no load
WARNING: [Synth 8-7129] Port ADDR[16] in module bram_memory is either unconnected or has no load
WARNING: [Synth 8-7129] Port ADDR[15] in module bram_memory is either unconnected or has no load
WARNING: [Synth 8-7129] Port ADDR[14] in module bram_memory is either unconnected or has no load
WARNING: [Synth 8-7129] Port ADDR[13] in module bram_memory is either unconnected or has no load
WARNING: [Synth 8-7129] Port ADDR[12] in module bram_memory is either unconnected or has no load
WARNING: [Synth 8-7129] Port ADDR[11] in module bram_memory is either unconnected or has no load
WARNING: [Synth 8-7129] Port ADDR[10] in module bram_memory is either unconnected or has no load
WARNING: [Synth 8-7129] Port ADDR[9] in module bram_memory is either unconnected or has no load
WARNING: [Synth 8-7129] Port ADDR[1] in module bram_memory is either unconnected or has no load
WARNING: [Synth 8-7129] Port ADDR[0] in module bram_memory is either unconnected or has no load
WARNING: [Synth 8-7129] Port ADDR_A[8] in module dualr_bank is either unconnected or has no load
WARNING: [Synth 8-7129] Port ADDR_A[7] in module dualr_bank is either unconnected or has no load
WARNING: [Synth 8-7129] Port ADDR_A[6] in module dualr_bank is either unconnected or has no load
WARNING: [Synth 8-7129] Port ADDR_B[8] in module dualr_bank is either unconnected or has no load
WARNING: [Synth 8-7129] Port ADDR_B[7] in module dualr_bank is either unconnected or has no load
WARNING: [Synth 8-7129] Port ADDR_B[6] in module dualr_bank is either unconnected or has no load
WARNING: [Synth 8-7129] Port ADDR[8] in module instruction_rom is either unconnected or has no load
WARNING: [Synth 8-7129] Port ADDR[7] in module instruction_rom is either unconnected or has no load
WARNING: [Synth 8-7129] Port ADDR[6] in module instruction_rom is either unconnected or has no load
WARNING: [Synth 8-3332] Sequential element (CPU_CHIP_inst/core/coreshifter/B_reg[31]) is unused and will be removed from module TOP.
WARNING: [Synth 8-3332] Sequential element (CPU_CHIP_inst/core/coreshifter/B_reg[30]) is unused and will be removed from module TOP.
WARNING: [Synth 8-3332] Sequential element (CPU_CHIP_inst/core/coreshifter/B_reg[29]) is unused and will be removed from module TOP.
WARNING: [Synth 8-3332] Sequential element (CPU_CHIP_inst/core/coreshifter/B_reg[28]) is unused and will be removed from module TOP.
WARNING: [Synth 8-3332] Sequential element (CPU_CHIP_inst/core/coreshifter/B_reg[27]) is unused and will be removed from module TOP.
WARNING: [Synth 8-3332] Sequential element (CPU_CHIP_inst/core/coreshifter/B_reg[26]) is unused and will be removed from module TOP.
WARNING: [Synth 8-3332] Sequential element (CPU_CHIP_inst/core/coreshifter/B_reg[25]) is unused and will be removed from module TOP.
WARNING: [Synth 8-3332] Sequential element (CPU_CHIP_inst/core/coreshifter/B_reg[24]) is unused and will be removed from module TOP.
WARNING: [Synth 8-3332] Sequential element (CPU_CHIP_inst/core/coreshifter/B_reg[23]) is unused and will be removed from module TOP.
WARNING: [Synth 8-3332] Sequential element (CPU_CHIP_inst/core/coreshifter/B_reg[22]) is unused and will be removed from module TOP.
WARNING: [Synth 8-3332] Sequential element (CPU_CHIP_inst/core/coreshifter/B_reg[21]) is unused and will be removed from module TOP.
WARNING: [Synth 8-3332] Sequential element (CPU_CHIP_inst/core/coreshifter/B_reg[20]) is unused and will be removed from module TOP.
WARNING: [Synth 8-3332] Sequential element (CPU_CHIP_inst/core/coreshifter/B_reg[19]) is unused and will be removed from module TOP.
WARNING: [Synth 8-3332] Sequential element (CPU_CHIP_inst/core/coreshifter/B_reg[18]) is unused and will be removed from module TOP.
WARNING: [Synth 8-3332] Sequential element (CPU_CHIP_inst/core/coreshifter/B_reg[17]) is unused and will be removed from module TOP.
WARNING: [Synth 8-3332] Sequential element (CPU_CHIP_inst/core/coreshifter/B_reg[16]) is unused and will be removed from module TOP.
WARNING: [Synth 8-3332] Sequential element (CPU_CHIP_inst/core/coreshifter/B_reg[15]) is unused and will be removed from module TOP.
WARNING: [Synth 8-3332] Sequential element (CPU_CHIP_inst/core/coreshifter/B_reg[14]) is unused and will be removed from module TOP.
WARNING: [Synth 8-3332] Sequential element (CPU_CHIP_inst/core/coreshifter/B_reg[13]) is unused and will be removed from module TOP.
WARNING: [Synth 8-3332] Sequential element (CPU_CHIP_inst/core/coreshifter/B_reg[12]) is unused and will be removed from module TOP.
WARNING: [Synth 8-3332] Sequential element (CPU_CHIP_inst/core/coreshifter/B_reg[11]) is unused and will be removed from module TOP.
WARNING: [Synth 8-3332] Sequential element (CPU_CHIP_inst/core/coreshifter/B_reg[10]) is unused and will be removed from module TOP.
WARNING: [Synth 8-3332] Sequential element (CPU_CHIP_inst/core/coreshifter/B_reg[9]) is unused and will be removed from module TOP.
WARNING: [Synth 8-3332] Sequential element (CPU_CHIP_inst/core/coreshifter/B_reg[8]) is unused and will be removed from module TOP.
WARNING: [Synth 8-3332] Sequential element (CPU_CHIP_inst/core/coreshifter/B_reg[7]) is unused and will be removed from module TOP.
WARNING: [Synth 8-3332] Sequential element (CPU_CHIP_inst/core/coreshifter/B_reg[6]) is unused and will be removed from module TOP.
WARNING: [Synth 8-3332] Sequential element (CPU_CHIP_inst/core/coreshifter/B_reg[5]) is unused and will be removed from module TOP.
WARNING: [Synth 8-3332] Sequential element (CPU_CHIP_inst/core/coreshifter/B_reg[4]) is unused and will be removed from module TOP.
WARNING: [Synth 8-3332] Sequential element (CPU_CHIP_inst/core/coreshifter/B_reg[3]) is unused and will be removed from module TOP.
WARNING: [Synth 8-3332] Sequential element (CPU_CHIP_inst/core/coreshifter/B_reg[2]) is unused and will be removed from module TOP.
WARNING: [Synth 8-3332] Sequential element (CPU_CHIP_inst/core/coreshifter/B_reg[1]) is unused and will be removed from module TOP.
WARNING: [Synth 8-3332] Sequential element (CPU_CHIP_inst/core/coreshifter/B_reg[0]) is unused and will be removed from module TOP.
---------------------------------------------------------------------------------
Finished Cross Boundary and Area Optimization : Time (s): cpu = 00:00:06 ; elapsed = 00:00:25 . Memory (MB): peak = 1472.848 ; gain = 628.355
---------------------------------------------------------------------------------
---------------------------------------------------------------------------------
Start ROM, RAM, DSP, Shift Register and Retiming Reporting
---------------------------------------------------------------------------------

Distributed RAM: Preliminary Mapping Report (see note below)
+------------+-----------------------------+-----------+----------------------+--------------+
|Module Name | RTL Object                  | Inference | Size (Depth x Width) | Primitives   | 
+------------+-----------------------------+-----------+----------------------+--------------+
|TOP         | CPU_CHIP_inst/regs/regs_reg | Implied   | 64 x 32              | RAM64M x 22  | 
+------------+-----------------------------+-----------+----------------------+--------------+

Note: The table above is a preliminary report that shows the Distributed RAMs at the current stage of the synthesis flow. Some Distributed RAMs may be reimplemented as non Distributed RAM primitives later in the synthesis flow. Multiple instantiated RAMs are reported only once.
---------------------------------------------------------------------------------
Finished ROM, RAM, DSP, Shift Register and Retiming Reporting
---------------------------------------------------------------------------------
---------------------------------------------------------------------------------
Start Applying XDC Timing Constraints
---------------------------------------------------------------------------------
---------------------------------------------------------------------------------
Finished Applying XDC Timing Constraints : Time (s): cpu = 00:00:08 ; elapsed = 00:00:32 . Memory (MB): peak = 1472.848 ; gain = 628.355
---------------------------------------------------------------------------------
---------------------------------------------------------------------------------
Start Timing Optimization
---------------------------------------------------------------------------------
---------------------------------------------------------------------------------
Finished Timing Optimization : Time (s): cpu = 00:00:08 ; elapsed = 00:00:32 . Memory (MB): peak = 1472.848 ; gain = 628.355
---------------------------------------------------------------------------------
---------------------------------------------------------------------------------
Start ROM, RAM, DSP, Shift Register and Retiming Reporting
---------------------------------------------------------------------------------

Distributed RAM: Final Mapping Report
+------------+-----------------------------+-----------+----------------------+--------------+
|Module Name | RTL Object                  | Inference | Size (Depth x Width) | Primitives   | 
+------------+-----------------------------+-----------+----------------------+--------------+
|TOP         | CPU_CHIP_inst/regs/regs_reg | Implied   | 64 x 32              | RAM64M x 22  | 
+------------+-----------------------------+-----------+----------------------+--------------+

---------------------------------------------------------------------------------
Finished ROM, RAM, DSP, Shift Register and Retiming Reporting
---------------------------------------------------------------------------------
---------------------------------------------------------------------------------
Start Technology Mapping
---------------------------------------------------------------------------------
---------------------------------------------------------------------------------
Finished Technology Mapping : Time (s): cpu = 00:00:08 ; elapsed = 00:00:32 . Memory (MB): peak = 1472.848 ; gain = 628.355
---------------------------------------------------------------------------------
---------------------------------------------------------------------------------
Start IO Insertion
---------------------------------------------------------------------------------
---------------------------------------------------------------------------------
Start Flattening Before IO Insertion
---------------------------------------------------------------------------------
---------------------------------------------------------------------------------
Finished Flattening Before IO Insertion
---------------------------------------------------------------------------------
---------------------------------------------------------------------------------
Start Final Netlist Cleanup
---------------------------------------------------------------------------------
---------------------------------------------------------------------------------
Finished Final Netlist Cleanup
---------------------------------------------------------------------------------
---------------------------------------------------------------------------------
Finished IO Insertion : Time (s): cpu = 00:00:10 ; elapsed = 00:00:39 . Memory (MB): peak = 1472.848 ; gain = 628.355
---------------------------------------------------------------------------------
---------------------------------------------------------------------------------
Start Renaming Generated Instances
---------------------------------------------------------------------------------
---------------------------------------------------------------------------------
Finished Renaming Generated Instances : Time (s): cpu = 00:00:10 ; elapsed = 00:00:39 . Memory (MB): peak = 1472.848 ; gain = 628.355
---------------------------------------------------------------------------------
---------------------------------------------------------------------------------
Start Rebuilding User Hierarchy
---------------------------------------------------------------------------------
---------------------------------------------------------------------------------
Finished Rebuilding User Hierarchy : Time (s): cpu = 00:00:10 ; elapsed = 00:00:39 . Memory (MB): peak = 1472.848 ; gain = 628.355
---------------------------------------------------------------------------------
---------------------------------------------------------------------------------
Start Renaming Generated Ports
---------------------------------------------------------------------------------
---------------------------------------------------------------------------------
Finished Renaming Generated Ports : Time (s): cpu = 00:00:10 ; elapsed = 00:00:39 . Memory (MB): peak = 1472.848 ; gain = 628.355
---------------------------------------------------------------------------------
---------------------------------------------------------------------------------
Start Handling Custom Attributes
---------------------------------------------------------------------------------
---------------------------------------------------------------------------------
Finished Handling Custom Attributes : Time (s): cpu = 00:00:10 ; elapsed = 00:00:39 . Memory (MB): peak = 1472.848 ; gain = 628.355
---------------------------------------------------------------------------------
---------------------------------------------------------------------------------
Start Renaming Generated Nets
---------------------------------------------------------------------------------
---------------------------------------------------------------------------------
Finished Renaming Generated Nets : Time (s): cpu = 00:00:10 ; elapsed = 00:00:39 . Memory (MB): peak = 1472.848 ; gain = 628.355
---------------------------------------------------------------------------------
---------------------------------------------------------------------------------
Start ROM, RAM, DSP, Shift Register and Retiming Reporting
---------------------------------------------------------------------------------

Static Shift Register Report:
+------------+---------------------------------------+--------+-------+--------------+--------------------+-------------------+--------+---------+
|Module Name | RTL Name                              | Length | Width | Reset Signal | Pull out first Reg | Pull out last Reg | SRL16E | SRLC32E | 
+------------+---------------------------------------+--------+-------+--------------+--------------------+-------------------+--------+---------+
|TOP         | CPU_CHIP_inst/fwCONTROLMEM/aux_reg[4] | 3      | 1     | NO           | NO                 | YES               | 1      | 0       | 
|TOP         | CPU_CHIP_inst/fwWADDRMEM/aux_reg[4]   | 3      | 1     | NO           | NO                 | YES               | 1      | 0       | 
|TOP         | CPU_CHIP_inst/fwWADDRMEM/aux_reg[1]   | 5      | 1     | NO           | NO                 | YES               | 1      | 0       | 
+------------+---------------------------------------+--------+-------+--------------+--------------------+-------------------+--------+---------+

---------------------------------------------------------------------------------
Finished ROM, RAM, DSP, Shift Register and Retiming Reporting
---------------------------------------------------------------------------------
---------------------------------------------------------------------------------
Start Writing Synthesis Report
---------------------------------------------------------------------------------

Report BlackBoxes: 
+-+--------------+----------+
| |BlackBox name |Instances |
+-+--------------+----------+
+-+--------------+----------+

Report Cell Usage: 
+------+-------+------+
|      |Cell   |Count |
+------+-------+------+
|1     |BUFG   |     2|
|2     |CARRY4 |    20|
|3     |LUT1   |     3|
|4     |LUT2   |    20|
|5     |LUT3   |     6|
|6     |LUT4   |    36|
|7     |LUT5   |    26|
|8     |LUT6   |    33|
|9     |RAM64M |     8|
|10    |SRL16E |     3|
|11    |FDCE   |    14|
|12    |FDPE   |    10|
|13    |FDRE   |   131|
|14    |IBUF   |     3|
|15    |OBUF   |    27|
+------+-------+------+
---------------------------------------------------------------------------------
Finished Writing Synthesis Report : Time (s): cpu = 00:00:10 ; elapsed = 00:00:39 . Memory (MB): peak = 1472.848 ; gain = 628.355
---------------------------------------------------------------------------------
Synthesis finished with 0 errors, 0 critical warnings and 72 warnings.
Synthesis Optimization Runtime : Time (s): cpu = 00:00:07 ; elapsed = 00:00:36 . Memory (MB): peak = 1472.848 ; gain = 523.738
Synthesis Optimization Complete : Time (s): cpu = 00:00:10 ; elapsed = 00:00:39 . Memory (MB): peak = 1472.848 ; gain = 628.355
INFO: [Project 1-571] Translating synthesized netlist
Netlist sorting complete. Time (s): cpu = 00:00:00 ; elapsed = 00:00:00.006 . Memory (MB): peak = 1472.848 ; gain = 0.000
INFO: [Netlist 29-17] Analyzing 28 Unisim elements for replacement
INFO: [Netlist 29-28] Unisim Transformation completed in 0 CPU seconds
INFO: [Project 1-570] Preparing netlist for logic optimization
INFO: [Opt 31-138] Pushed 0 inverter(s) to 0 load pin(s).
Netlist sorting complete. Time (s): cpu = 00:00:00 ; elapsed = 00:00:00.001 . Memory (MB): peak = 1472.848 ; gain = 0.000
INFO: [Project 1-111] Unisim Transformation Summary:
  A total of 8 instances were transformed.
  RAM64M => RAM64M (RAMD64E(x4)): 8 instances

Synth Design complete | Checksum: c3fd2790
INFO: [Common 17-83] Releasing license: Synthesis
102 Infos, 106 Warnings, 0 Critical Warnings and 0 Errors encountered.
synth_design completed successfully
synth_design: Time (s): cpu = 00:00:11 ; elapsed = 00:00:46 . Memory (MB): peak = 1472.848 ; gain = 1010.648
INFO: [Common 17-1381] The checkpoint 'C:/Users/gabri/Documents/Vivado Projects/ProyectoBOPPBIPP3/ProyectoBOPPBIPP3.runs/synth_1/TOP.dcp' has been generated.
INFO: [runtcl-4] Executing : report_utilization -file TOP_utilization_synth.rpt -pb TOP_utilization_synth.pb
INFO: [Common 17-206] Exiting Vivado at Wed Jan 24 18:24:34 2024...
